[2024-05-10 21:07:47] local.INFO: array (
  'data' => 
  array (
    'phone_number' => '675729675',
  ),
)  
[2024-05-10 21:08:05] local.INFO: array (
  'data' => 
  array (
    'phone_number' => '675729675',
  ),
)  
[2024-05-10 21:08:51] local.INFO: array (
  'data' => 
  array (
    'phone_number' => 675729675,
  ),
)  
[2024-05-10 21:09:02] local.INFO: array (
  'data' => 
  array (
    'phone_number' => '675729675',
  ),
)  
[2024-05-10 21:09:15] local.INFO: array (
  'data' => 
  array (
    'phone_number' => '675729675',
  ),
)  
[2024-05-10 21:10:49] local.INFO: array (
  'data' => 
  array (
    'phone_number' => '675729675',
  ),
)  
[2024-05-10 21:11:43] local.INFO: array (
  'data' => 
  array (
    'phone_number' => '675729675',
  ),
)  
[2024-05-10 21:11:58] local.INFO: array (
  'data' => 
  array (
    'phone_number' => '675729675',
  ),
)  
[2024-05-10 21:12:02] local.INFO: array (
  'data' => 
  array (
    'phone_number' => '675729675',
  ),
)  
[2024-05-10 21:12:24] local.INFO: array (
  'data' => 
  array (
    'phone_number' => '675729675',
  ),
)  
[2024-05-10 21:14:06] local.INFO: array (
  'data' => 
  array (
    'phone_number' => '675729675',
  ),
)  
[2024-05-10 21:14:50] local.INFO: array (
  'data' => 
  array (
    'phone_number' => '675729675',
  ),
)  
[2024-05-10 21:16:37] local.INFO: array (
  'data' => 
  array (
    'phone_number' => '675729675',
  ),
)  
[2024-05-10 21:16:49] local.INFO: array (
  'data' => 
  array (
    'phone_number' => '675729675',
  ),
)  
[2024-05-10 21:17:01] local.INFO: array (
  'data' => 
  array (
    'phone_number' => '675729675',
  ),
)  
[2024-05-10 21:17:02] local.INFO: array (
  'data' => 
  array (
    'phone_number' => '675729675',
  ),
)  
[2024-05-10 21:17:34] local.INFO: array (
  'data' => 
  array (
    'phone_number' => '675729675',
  ),
)  
[2024-05-10 21:17:45] local.INFO: array (
  'data' => 
  array (
    'phone_number' => '675729675',
  ),
)  
[2024-05-10 21:17:47] local.INFO: array (
  'data' => 
  array (
    'phone_number' => '675729675',
  ),
)  
[2024-05-10 21:17:54] local.INFO: array (
  'data' => 
  array (
    'phone_number' => '675729675',
  ),
)  
[2024-05-10 21:18:05] local.INFO: array (
  'data' => 
  array (
    'phone_number' => '675729675',
  ),
)  
[2024-05-10 21:18:22] local.INFO: array (
  'data' => 
  array (
    'phone_number' => '675729675',
  ),
)  
[2024-05-10 21:18:30] local.INFO: array (
  'data' => 
  array (
    'phone_number' => '675729675',
  ),
)  
[2024-05-10 21:18:40] local.INFO: array (
  'data' => 
  array (
    'phone_number' => '675729675',
  ),
)  
[2024-05-10 21:18:40] local.INFO: array (
  'data' => 
  array (
    'phone_number' => '675729675',
  ),
)  
[2024-05-10 21:20:37] local.INFO: array (
  'data' => 
  array (
    'phone_number' => '675729675',
  ),
)  
[2024-05-10 21:21:32] local.INFO: array (
  'data' => 
  array (
    'phone_number' => '675729675',
  ),
)  
[2024-05-10 21:21:48] local.INFO: array (
  'data' => 
  array (
    'phone_number' => '675729675',
  ),
)  
[2024-05-10 21:22:11] local.INFO: array (
  'data' => 
  array (
    'phone_number' => '675729675',
  ),
)  
[2024-05-10 21:22:13] local.INFO: array (
  'data' => 
  array (
    'phone_number' => '675729675',
  ),
)  
[2024-05-10 21:22:14] local.INFO: array (
  'data' => 
  array (
    'phone_number' => '675729675',
  ),
)  
[2024-05-10 21:22:28] local.INFO: array (
  'data' => 
  array (
    'phone_number' => '675729675',
  ),
)  
[2024-05-10 21:22:47] local.INFO: array (
  'data' => 
  array (
    'phone_number' => 675729675,
  ),
)  
[2024-05-10 21:24:10] local.INFO: array (
  'data' => 
  array (
    'phone_number' => '675729675',
  ),
)  
[2024-05-10 21:24:26] local.INFO: array (
  'data' => 
  array (
    'phone_number' => '675729675',
  ),
)  
[2024-05-10 21:25:24] local.INFO: array (
  'data' => 
  array (
    'phone_number' => '675729675',
  ),
)  
[2024-05-10 21:25:46] local.INFO: array (
  'data' => 
  array (
    'phone_number' => '675729675',
  ),
)  
[2024-05-10 21:25:56] local.INFO: array (
  'data' => 
  array (
    'phone_number' => '675729675',
  ),
)  
[2024-05-10 21:25:59] local.INFO: array (
  'data' => 
  array (
    'phone_number' => '675729675',
  ),
)  
[2024-05-10 21:26:00] local.INFO: array (
  'data' => 
  array (
    'phone_number' => '675729675',
  ),
)  
[2024-05-10 21:26:58] local.INFO: array (
  'data' => 
  array (
    'phone_number' => '675729675',
  ),
)  
[2024-05-10 21:27:24] local.INFO: array (
  'data' => 
  array (
    'phone_number' => '675729675',
  ),
)  
[2024-05-10 21:28:03] local.INFO: array (
  'data' => 
  array (
    'phone_number' => '675729675',
  ),
)  
[2024-05-10 21:28:32] local.INFO: array (
  'data' => 
  array (
    'phone_number' => '675729675',
  ),
)  
[2024-05-10 21:29:06] local.INFO: array (
  'data' => 
  array (
    'phone_number' => '675729675',
  ),
)  
[2024-05-10 21:29:57] local.INFO: array (
  'data' => 
  array (
    'phone_number' => '675729675',
  ),
)  
[2024-05-10 21:30:39] local.INFO: array (
  'data' => 
  array (
    'phone_number' => '675729675',
  ),
)  
[2024-05-10 21:31:20] local.INFO: array (
  'data' => 
  array (
    'phone_number' => '675729675',
  ),
)  
[2024-05-10 21:31:25] local.INFO: array (
  'data' => 
  array (
    'phone_number' => '675729675',
  ),
)  
[2024-05-10 21:31:31] local.INFO: array (
  'data' => 
  array (
    'phone_number' => '675729675',
  ),
)  
[2024-05-10 21:32:39] local.INFO: array (
  'data' => 
  array (
    'phone_number' => '675729675',
  ),
)  
[2024-05-10 21:34:41] local.INFO: array (
  'data' => 
  array (
    'phone_number' => '675729675',
  ),
)  
[2024-05-10 21:35:09] local.INFO: array (
  'data' => 
  array (
    'phone_number' => '675729675',
  ),
)  
[2024-05-10 21:35:12] local.INFO: array (
  'data' => 
  array (
    'phone_number' => '675729675',
  ),
)  
[2024-05-10 21:36:26] local.INFO: array (
  'data' => 
  array (
    'phone_number' => '675729675',
  ),
)  
[2024-05-10 21:39:51] local.INFO: array (
  'data' => 
  array (
    'phone_number' => '675729675',
  ),
)  
[2024-05-10 23:46:01] local.ERROR: fopen(/opt/lampp/htdocs/whapplecoins/config/basic.php): Failed to open stream: Permission denied {"userId":1,"exception":"[object] (ErrorException(code: 0): fopen(/opt/lampp/htdocs/whapplecoins/config/basic.php): Failed to open stream: Permission denied at /opt/lampp/htdocs/whapplecoins/app/Http/Controllers/Admin/BasicController.php:65)
[stacktrace]
#0 [internal function]: Illuminate\\Foundation\\Bootstrap\\HandleExceptions->handleError(2, 'fopen(/opt/lamp...', '/opt/lampp/htdo...', 65)
#1 /opt/lampp/htdocs/whapplecoins/app/Http/Controllers/Admin/BasicController.php(65): fopen('/opt/lampp/htdo...', 'w')
#2 /opt/lampp/htdocs/whapplecoins/vendor/laravel/framework/src/Illuminate/Routing/Controller.php(54): App\\Http\\Controllers\\Admin\\BasicController->updateConfigure(Object(Illuminate\\Http\\Request))
#3 /opt/lampp/htdocs/whapplecoins/vendor/laravel/framework/src/Illuminate/Routing/ControllerDispatcher.php(45): Illuminate\\Routing\\Controller->callAction('updateConfigure', Array)
#4 /opt/lampp/htdocs/whapplecoins/vendor/laravel/framework/src/Illuminate/Routing/Route.php(261): Illuminate\\Routing\\ControllerDispatcher->dispatch(Object(Illuminate\\Routing\\Route), Object(App\\Http\\Controllers\\Admin\\BasicController), 'updateConfigure')
#5 /opt/lampp/htdocs/whapplecoins/vendor/laravel/framework/src/Illuminate/Routing/Route.php(205): Illuminate\\Routing\\Route->runController()
#6 /opt/lampp/htdocs/whapplecoins/vendor/laravel/framework/src/Illuminate/Routing/Router.php(721): Illuminate\\Routing\\Route->run()
#7 /opt/lampp/htdocs/whapplecoins/vendor/laravel/framework/src/Illuminate/Pipeline/Pipeline.php(128): Illuminate\\Routing\\Router->Illuminate\\Routing\\{closure}(Object(Illuminate\\Http\\Request))
#8 /opt/lampp/htdocs/whapplecoins/vendor/xsoap/init/src/Draug/MD.php(13): Illuminate\\Pipeline\\Pipeline->Illuminate\\Pipeline\\{closure}(Object(Illuminate\\Http\\Request))
#9 /opt/lampp/htdocs/whapplecoins/vendor/laravel/framework/src/Illuminate/Pipeline/Pipeline.php(167): XContains\\XContains\\Draug\\MD->handle(Object(Illuminate\\Http\\Request), Object(Closure))
#10 /opt/lampp/htdocs/whapplecoins/vendor/jlang/jsonstringfy/src/Activereq/Activeck/M.php(14): Illuminate\\Pipeline\\Pipeline->Illuminate\\Pipeline\\{closure}(Object(Illuminate\\Http\\Request))
#11 /opt/lampp/htdocs/whapplecoins/vendor/laravel/framework/src/Illuminate/Pipeline/Pipeline.php(167): JsonStringfy\\JsonStringfy\\Activereq\\Activeck\\M->handle(Object(Illuminate\\Http\\Request), Object(Closure))
#12 /opt/lampp/htdocs/whapplecoins/app/Http/Middleware/ActivityByUser.php(37): Illuminate\\Pipeline\\Pipeline->Illuminate\\Pipeline\\{closure}(Object(Illuminate\\Http\\Request))
#13 /opt/lampp/htdocs/whapplecoins/vendor/laravel/framework/src/Illuminate/Pipeline/Pipeline.php(167): App\\Http\\Middleware\\ActivityByUser->handle(Object(Illuminate\\Http\\Request), Object(Closure))
#14 /opt/lampp/htdocs/whapplecoins/app/Http/Middleware/LanguageMiddleware.php(25): Illuminate\\Pipeline\\Pipeline->Illuminate\\Pipeline\\{closure}(Object(Illuminate\\Http\\Request))
#15 /opt/lampp/htdocs/whapplecoins/vendor/laravel/framework/src/Illuminate/Pipeline/Pipeline.php(167): App\\Http\\Middleware\\LanguageMiddleware->handle(Object(Illuminate\\Http\\Request), Object(Closure))
#16 /opt/lampp/htdocs/whapplecoins/vendor/laravel/framework/src/Illuminate/Routing/Middleware/SubstituteBindings.php(50): Illuminate\\Pipeline\\Pipeline->Illuminate\\Pipeline\\{closure}(Object(Illuminate\\Http\\Request))
#17 /opt/lampp/htdocs/whapplecoins/vendor/laravel/framework/src/Illuminate/Pipeline/Pipeline.php(167): Illuminate\\Routing\\Middleware\\SubstituteBindings->handle(Object(Illuminate\\Http\\Request), Object(Closure))
#18 /opt/lampp/htdocs/whapplecoins/vendor/laravel/framework/src/Illuminate/Auth/Middleware/Authenticate.php(44): Illuminate\\Pipeline\\Pipeline->Illuminate\\Pipeline\\{closure}(Object(Illuminate\\Http\\Request))
#19 /opt/lampp/htdocs/whapplecoins/vendor/laravel/framework/src/Illuminate/Pipeline/Pipeline.php(167): Illuminate\\Auth\\Middleware\\Authenticate->handle(Object(Illuminate\\Http\\Request), Object(Closure), 'admin')
#20 /opt/lampp/htdocs/whapplecoins/vendor/laravel/framework/src/Illuminate/Foundation/Http/Middleware/VerifyCsrfToken.php(78): Illuminate\\Pipeline\\Pipeline->Illuminate\\Pipeline\\{closure}(Object(Illuminate\\Http\\Request))
#21 /opt/lampp/htdocs/whapplecoins/vendor/laravel/framework/src/Illuminate/Pipeline/Pipeline.php(167): Illuminate\\Foundation\\Http\\Middleware\\VerifyCsrfToken->handle(Object(Illuminate\\Http\\Request), Object(Closure))
#22 /opt/lampp/htdocs/whapplecoins/vendor/laravel/framework/src/Illuminate/View/Middleware/ShareErrorsFromSession.php(49): Illuminate\\Pipeline\\Pipeline->Illuminate\\Pipeline\\{closure}(Object(Illuminate\\Http\\Request))
#23 /opt/lampp/htdocs/whapplecoins/vendor/laravel/framework/src/Illuminate/Pipeline/Pipeline.php(167): Illuminate\\View\\Middleware\\ShareErrorsFromSession->handle(Object(Illuminate\\Http\\Request), Object(Closure))
#24 /opt/lampp/htdocs/whapplecoins/vendor/laravel/framework/src/Illuminate/Session/Middleware/StartSession.php(121): Illuminate\\Pipeline\\Pipeline->Illuminate\\Pipeline\\{closure}(Object(Illuminate\\Http\\Request))
#25 /opt/lampp/htdocs/whapplecoins/vendor/laravel/framework/src/Illuminate/Session/Middleware/StartSession.php(64): Illuminate\\Session\\Middleware\\StartSession->handleStatefulRequest(Object(Illuminate\\Http\\Request), Object(Illuminate\\Session\\Store), Object(Closure))
#26 /opt/lampp/htdocs/whapplecoins/vendor/laravel/framework/src/Illuminate/Pipeline/Pipeline.php(167): Illuminate\\Session\\Middleware\\StartSession->handle(Object(Illuminate\\Http\\Request), Object(Closure))
#27 /opt/lampp/htdocs/whapplecoins/vendor/laravel/framework/src/Illuminate/Cookie/Middleware/AddQueuedCookiesToResponse.php(37): Illuminate\\Pipeline\\Pipeline->Illuminate\\Pipeline\\{closure}(Object(Illuminate\\Http\\Request))
#28 /opt/lampp/htdocs/whapplecoins/vendor/laravel/framework/src/Illuminate/Pipeline/Pipeline.php(167): Illuminate\\Cookie\\Middleware\\AddQueuedCookiesToResponse->handle(Object(Illuminate\\Http\\Request), Object(Closure))
#29 /opt/lampp/htdocs/whapplecoins/vendor/laravel/framework/src/Illuminate/Cookie/Middleware/EncryptCookies.php(67): Illuminate\\Pipeline\\Pipeline->Illuminate\\Pipeline\\{closure}(Object(Illuminate\\Http\\Request))
#30 /opt/lampp/htdocs/whapplecoins/vendor/laravel/framework/src/Illuminate/Pipeline/Pipeline.php(167): Illuminate\\Cookie\\Middleware\\EncryptCookies->handle(Object(Illuminate\\Http\\Request), Object(Closure))
#31 /opt/lampp/htdocs/whapplecoins/vendor/laravel/framework/src/Illuminate/Pipeline/Pipeline.php(103): Illuminate\\Pipeline\\Pipeline->Illuminate\\Pipeline\\{closure}(Object(Illuminate\\Http\\Request))
#32 /opt/lampp/htdocs/whapplecoins/vendor/laravel/framework/src/Illuminate/Routing/Router.php(719): Illuminate\\Pipeline\\Pipeline->then(Object(Closure))
#33 /opt/lampp/htdocs/whapplecoins/vendor/laravel/framework/src/Illuminate/Routing/Router.php(698): Illuminate\\Routing\\Router->runRouteWithinStack(Object(Illuminate\\Routing\\Route), Object(Illuminate\\Http\\Request))
#34 /opt/lampp/htdocs/whapplecoins/vendor/laravel/framework/src/Illuminate/Routing/Router.php(662): Illuminate\\Routing\\Router->runRoute(Object(Illuminate\\Http\\Request), Object(Illuminate\\Routing\\Route))
#35 /opt/lampp/htdocs/whapplecoins/vendor/laravel/framework/src/Illuminate/Routing/Router.php(651): Illuminate\\Routing\\Router->dispatchToRoute(Object(Illuminate\\Http\\Request))
#36 /opt/lampp/htdocs/whapplecoins/vendor/laravel/framework/src/Illuminate/Foundation/Http/Kernel.php(167): Illuminate\\Routing\\Router->dispatch(Object(Illuminate\\Http\\Request))
#37 /opt/lampp/htdocs/whapplecoins/vendor/laravel/framework/src/Illuminate/Pipeline/Pipeline.php(128): Illuminate\\Foundation\\Http\\Kernel->Illuminate\\Foundation\\Http\\{closure}(Object(Illuminate\\Http\\Request))
#38 /opt/lampp/htdocs/whapplecoins/vendor/laravel/framework/src/Illuminate/Foundation/Http/Middleware/TransformsRequest.php(21): Illuminate\\Pipeline\\Pipeline->Illuminate\\Pipeline\\{closure}(Object(Illuminate\\Http\\Request))
#39 /opt/lampp/htdocs/whapplecoins/vendor/laravel/framework/src/Illuminate/Foundation/Http/Middleware/ConvertEmptyStringsToNull.php(31): Illuminate\\Foundation\\Http\\Middleware\\TransformsRequest->handle(Object(Illuminate\\Http\\Request), Object(Closure))
#40 /opt/lampp/htdocs/whapplecoins/vendor/laravel/framework/src/Illuminate/Pipeline/Pipeline.php(167): Illuminate\\Foundation\\Http\\Middleware\\ConvertEmptyStringsToNull->handle(Object(Illuminate\\Http\\Request), Object(Closure))
#41 /opt/lampp/htdocs/whapplecoins/vendor/laravel/framework/src/Illuminate/Foundation/Http/Middleware/TransformsRequest.php(21): Illuminate\\Pipeline\\Pipeline->Illuminate\\Pipeline\\{closure}(Object(Illuminate\\Http\\Request))
#42 /opt/lampp/htdocs/whapplecoins/vendor/laravel/framework/src/Illuminate/Foundation/Http/Middleware/TrimStrings.php(40): Illuminate\\Foundation\\Http\\Middleware\\TransformsRequest->handle(Object(Illuminate\\Http\\Request), Object(Closure))
#43 /opt/lampp/htdocs/whapplecoins/vendor/laravel/framework/src/Illuminate/Pipeline/Pipeline.php(167): Illuminate\\Foundation\\Http\\Middleware\\TrimStrings->handle(Object(Illuminate\\Http\\Request), Object(Closure))
#44 /opt/lampp/htdocs/whapplecoins/vendor/laravel/framework/src/Illuminate/Foundation/Http/Middleware/ValidatePostSize.php(27): Illuminate\\Pipeline\\Pipeline->Illuminate\\Pipeline\\{closure}(Object(Illuminate\\Http\\Request))
#45 /opt/lampp/htdocs/whapplecoins/vendor/laravel/framework/src/Illuminate/Pipeline/Pipeline.php(167): Illuminate\\Foundation\\Http\\Middleware\\ValidatePostSize->handle(Object(Illuminate\\Http\\Request), Object(Closure))
#46 /opt/lampp/htdocs/whapplecoins/vendor/laravel/framework/src/Illuminate/Foundation/Http/Middleware/PreventRequestsDuringMaintenance.php(86): Illuminate\\Pipeline\\Pipeline->Illuminate\\Pipeline\\{closure}(Object(Illuminate\\Http\\Request))
#47 /opt/lampp/htdocs/whapplecoins/vendor/laravel/framework/src/Illuminate/Pipeline/Pipeline.php(167): Illuminate\\Foundation\\Http\\Middleware\\PreventRequestsDuringMaintenance->handle(Object(Illuminate\\Http\\Request), Object(Closure))
#48 /opt/lampp/htdocs/whapplecoins/vendor/fruitcake/laravel-cors/src/HandleCors.php(38): Illuminate\\Pipeline\\Pipeline->Illuminate\\Pipeline\\{closure}(Object(Illuminate\\Http\\Request))
#49 /opt/lampp/htdocs/whapplecoins/vendor/laravel/framework/src/Illuminate/Pipeline/Pipeline.php(167): Fruitcake\\Cors\\HandleCors->handle(Object(Illuminate\\Http\\Request), Object(Closure))
#50 /opt/lampp/htdocs/whapplecoins/vendor/fideloper/proxy/src/TrustProxies.php(57): Illuminate\\Pipeline\\Pipeline->Illuminate\\Pipeline\\{closure}(Object(Illuminate\\Http\\Request))
#51 /opt/lampp/htdocs/whapplecoins/vendor/laravel/framework/src/Illuminate/Pipeline/Pipeline.php(167): Fideloper\\Proxy\\TrustProxies->handle(Object(Illuminate\\Http\\Request), Object(Closure))
#52 /opt/lampp/htdocs/whapplecoins/vendor/laravel/framework/src/Illuminate/Pipeline/Pipeline.php(103): Illuminate\\Pipeline\\Pipeline->Illuminate\\Pipeline\\{closure}(Object(Illuminate\\Http\\Request))
#53 /opt/lampp/htdocs/whapplecoins/vendor/laravel/framework/src/Illuminate/Foundation/Http/Kernel.php(142): Illuminate\\Pipeline\\Pipeline->then(Object(Closure))
#54 /opt/lampp/htdocs/whapplecoins/vendor/laravel/framework/src/Illuminate/Foundation/Http/Kernel.php(111): Illuminate\\Foundation\\Http\\Kernel->sendRequestThroughRouter(Object(Illuminate\\Http\\Request))
#55 /opt/lampp/htdocs/whapplecoins/index.php(51): Illuminate\\Foundation\\Http\\Kernel->handle(Object(Illuminate\\Http\\Request))
#56 {main}
"} 
[2024-05-10 23:47:21] local.ERROR: fopen(/opt/lampp/htdocs/whapplecoins/.env): Failed to open stream: Permission denied {"userId":1,"exception":"[object] (ErrorException(code: 0): fopen(/opt/lampp/htdocs/whapplecoins/.env): Failed to open stream: Permission denied at /opt/lampp/htdocs/whapplecoins/app/Http/Controllers/Admin/BasicController.php:75)
[stacktrace]
#0 [internal function]: Illuminate\\Foundation\\Bootstrap\\HandleExceptions->handleError(2, 'fopen(/opt/lamp...', '/opt/lampp/htdo...', 75)
#1 /opt/lampp/htdocs/whapplecoins/app/Http/Controllers/Admin/BasicController.php(75): fopen('/opt/lampp/htdo...', 'w')
#2 /opt/lampp/htdocs/whapplecoins/vendor/laravel/framework/src/Illuminate/Routing/Controller.php(54): App\\Http\\Controllers\\Admin\\BasicController->updateConfigure(Object(Illuminate\\Http\\Request))
#3 /opt/lampp/htdocs/whapplecoins/vendor/laravel/framework/src/Illuminate/Routing/ControllerDispatcher.php(45): Illuminate\\Routing\\Controller->callAction('updateConfigure', Array)
#4 /opt/lampp/htdocs/whapplecoins/vendor/laravel/framework/src/Illuminate/Routing/Route.php(261): Illuminate\\Routing\\ControllerDispatcher->dispatch(Object(Illuminate\\Routing\\Route), Object(App\\Http\\Controllers\\Admin\\BasicController), 'updateConfigure')
#5 /opt/lampp/htdocs/whapplecoins/vendor/laravel/framework/src/Illuminate/Routing/Route.php(205): Illuminate\\Routing\\Route->runController()
#6 /opt/lampp/htdocs/whapplecoins/vendor/laravel/framework/src/Illuminate/Routing/Router.php(721): Illuminate\\Routing\\Route->run()
#7 /opt/lampp/htdocs/whapplecoins/vendor/laravel/framework/src/Illuminate/Pipeline/Pipeline.php(128): Illuminate\\Routing\\Router->Illuminate\\Routing\\{closure}(Object(Illuminate\\Http\\Request))
#8 /opt/lampp/htdocs/whapplecoins/vendor/xsoap/init/src/Draug/MD.php(13): Illuminate\\Pipeline\\Pipeline->Illuminate\\Pipeline\\{closure}(Object(Illuminate\\Http\\Request))
#9 /opt/lampp/htdocs/whapplecoins/vendor/laravel/framework/src/Illuminate/Pipeline/Pipeline.php(167): XContains\\XContains\\Draug\\MD->handle(Object(Illuminate\\Http\\Request), Object(Closure))
#10 /opt/lampp/htdocs/whapplecoins/vendor/jlang/jsonstringfy/src/Activereq/Activeck/M.php(14): Illuminate\\Pipeline\\Pipeline->Illuminate\\Pipeline\\{closure}(Object(Illuminate\\Http\\Request))
#11 /opt/lampp/htdocs/whapplecoins/vendor/laravel/framework/src/Illuminate/Pipeline/Pipeline.php(167): JsonStringfy\\JsonStringfy\\Activereq\\Activeck\\M->handle(Object(Illuminate\\Http\\Request), Object(Closure))
#12 /opt/lampp/htdocs/whapplecoins/app/Http/Middleware/ActivityByUser.php(37): Illuminate\\Pipeline\\Pipeline->Illuminate\\Pipeline\\{closure}(Object(Illuminate\\Http\\Request))
#13 /opt/lampp/htdocs/whapplecoins/vendor/laravel/framework/src/Illuminate/Pipeline/Pipeline.php(167): App\\Http\\Middleware\\ActivityByUser->handle(Object(Illuminate\\Http\\Request), Object(Closure))
#14 /opt/lampp/htdocs/whapplecoins/app/Http/Middleware/LanguageMiddleware.php(25): Illuminate\\Pipeline\\Pipeline->Illuminate\\Pipeline\\{closure}(Object(Illuminate\\Http\\Request))
#15 /opt/lampp/htdocs/whapplecoins/vendor/laravel/framework/src/Illuminate/Pipeline/Pipeline.php(167): App\\Http\\Middleware\\LanguageMiddleware->handle(Object(Illuminate\\Http\\Request), Object(Closure))
#16 /opt/lampp/htdocs/whapplecoins/vendor/laravel/framework/src/Illuminate/Routing/Middleware/SubstituteBindings.php(50): Illuminate\\Pipeline\\Pipeline->Illuminate\\Pipeline\\{closure}(Object(Illuminate\\Http\\Request))
#17 /opt/lampp/htdocs/whapplecoins/vendor/laravel/framework/src/Illuminate/Pipeline/Pipeline.php(167): Illuminate\\Routing\\Middleware\\SubstituteBindings->handle(Object(Illuminate\\Http\\Request), Object(Closure))
#18 /opt/lampp/htdocs/whapplecoins/vendor/laravel/framework/src/Illuminate/Auth/Middleware/Authenticate.php(44): Illuminate\\Pipeline\\Pipeline->Illuminate\\Pipeline\\{closure}(Object(Illuminate\\Http\\Request))
#19 /opt/lampp/htdocs/whapplecoins/vendor/laravel/framework/src/Illuminate/Pipeline/Pipeline.php(167): Illuminate\\Auth\\Middleware\\Authenticate->handle(Object(Illuminate\\Http\\Request), Object(Closure), 'admin')
#20 /opt/lampp/htdocs/whapplecoins/vendor/laravel/framework/src/Illuminate/Foundation/Http/Middleware/VerifyCsrfToken.php(78): Illuminate\\Pipeline\\Pipeline->Illuminate\\Pipeline\\{closure}(Object(Illuminate\\Http\\Request))
#21 /opt/lampp/htdocs/whapplecoins/vendor/laravel/framework/src/Illuminate/Pipeline/Pipeline.php(167): Illuminate\\Foundation\\Http\\Middleware\\VerifyCsrfToken->handle(Object(Illuminate\\Http\\Request), Object(Closure))
#22 /opt/lampp/htdocs/whapplecoins/vendor/laravel/framework/src/Illuminate/View/Middleware/ShareErrorsFromSession.php(49): Illuminate\\Pipeline\\Pipeline->Illuminate\\Pipeline\\{closure}(Object(Illuminate\\Http\\Request))
#23 /opt/lampp/htdocs/whapplecoins/vendor/laravel/framework/src/Illuminate/Pipeline/Pipeline.php(167): Illuminate\\View\\Middleware\\ShareErrorsFromSession->handle(Object(Illuminate\\Http\\Request), Object(Closure))
#24 /opt/lampp/htdocs/whapplecoins/vendor/laravel/framework/src/Illuminate/Session/Middleware/StartSession.php(121): Illuminate\\Pipeline\\Pipeline->Illuminate\\Pipeline\\{closure}(Object(Illuminate\\Http\\Request))
#25 /opt/lampp/htdocs/whapplecoins/vendor/laravel/framework/src/Illuminate/Session/Middleware/StartSession.php(64): Illuminate\\Session\\Middleware\\StartSession->handleStatefulRequest(Object(Illuminate\\Http\\Request), Object(Illuminate\\Session\\Store), Object(Closure))
#26 /opt/lampp/htdocs/whapplecoins/vendor/laravel/framework/src/Illuminate/Pipeline/Pipeline.php(167): Illuminate\\Session\\Middleware\\StartSession->handle(Object(Illuminate\\Http\\Request), Object(Closure))
#27 /opt/lampp/htdocs/whapplecoins/vendor/laravel/framework/src/Illuminate/Cookie/Middleware/AddQueuedCookiesToResponse.php(37): Illuminate\\Pipeline\\Pipeline->Illuminate\\Pipeline\\{closure}(Object(Illuminate\\Http\\Request))
#28 /opt/lampp/htdocs/whapplecoins/vendor/laravel/framework/src/Illuminate/Pipeline/Pipeline.php(167): Illuminate\\Cookie\\Middleware\\AddQueuedCookiesToResponse->handle(Object(Illuminate\\Http\\Request), Object(Closure))
#29 /opt/lampp/htdocs/whapplecoins/vendor/laravel/framework/src/Illuminate/Cookie/Middleware/EncryptCookies.php(67): Illuminate\\Pipeline\\Pipeline->Illuminate\\Pipeline\\{closure}(Object(Illuminate\\Http\\Request))
#30 /opt/lampp/htdocs/whapplecoins/vendor/laravel/framework/src/Illuminate/Pipeline/Pipeline.php(167): Illuminate\\Cookie\\Middleware\\EncryptCookies->handle(Object(Illuminate\\Http\\Request), Object(Closure))
#31 /opt/lampp/htdocs/whapplecoins/vendor/laravel/framework/src/Illuminate/Pipeline/Pipeline.php(103): Illuminate\\Pipeline\\Pipeline->Illuminate\\Pipeline\\{closure}(Object(Illuminate\\Http\\Request))
#32 /opt/lampp/htdocs/whapplecoins/vendor/laravel/framework/src/Illuminate/Routing/Router.php(719): Illuminate\\Pipeline\\Pipeline->then(Object(Closure))
#33 /opt/lampp/htdocs/whapplecoins/vendor/laravel/framework/src/Illuminate/Routing/Router.php(698): Illuminate\\Routing\\Router->runRouteWithinStack(Object(Illuminate\\Routing\\Route), Object(Illuminate\\Http\\Request))
#34 /opt/lampp/htdocs/whapplecoins/vendor/laravel/framework/src/Illuminate/Routing/Router.php(662): Illuminate\\Routing\\Router->runRoute(Object(Illuminate\\Http\\Request), Object(Illuminate\\Routing\\Route))
#35 /opt/lampp/htdocs/whapplecoins/vendor/laravel/framework/src/Illuminate/Routing/Router.php(651): Illuminate\\Routing\\Router->dispatchToRoute(Object(Illuminate\\Http\\Request))
#36 /opt/lampp/htdocs/whapplecoins/vendor/laravel/framework/src/Illuminate/Foundation/Http/Kernel.php(167): Illuminate\\Routing\\Router->dispatch(Object(Illuminate\\Http\\Request))
#37 /opt/lampp/htdocs/whapplecoins/vendor/laravel/framework/src/Illuminate/Pipeline/Pipeline.php(128): Illuminate\\Foundation\\Http\\Kernel->Illuminate\\Foundation\\Http\\{closure}(Object(Illuminate\\Http\\Request))
#38 /opt/lampp/htdocs/whapplecoins/vendor/laravel/framework/src/Illuminate/Foundation/Http/Middleware/TransformsRequest.php(21): Illuminate\\Pipeline\\Pipeline->Illuminate\\Pipeline\\{closure}(Object(Illuminate\\Http\\Request))
#39 /opt/lampp/htdocs/whapplecoins/vendor/laravel/framework/src/Illuminate/Foundation/Http/Middleware/ConvertEmptyStringsToNull.php(31): Illuminate\\Foundation\\Http\\Middleware\\TransformsRequest->handle(Object(Illuminate\\Http\\Request), Object(Closure))
#40 /opt/lampp/htdocs/whapplecoins/vendor/laravel/framework/src/Illuminate/Pipeline/Pipeline.php(167): Illuminate\\Foundation\\Http\\Middleware\\ConvertEmptyStringsToNull->handle(Object(Illuminate\\Http\\Request), Object(Closure))
#41 /opt/lampp/htdocs/whapplecoins/vendor/laravel/framework/src/Illuminate/Foundation/Http/Middleware/TransformsRequest.php(21): Illuminate\\Pipeline\\Pipeline->Illuminate\\Pipeline\\{closure}(Object(Illuminate\\Http\\Request))
#42 /opt/lampp/htdocs/whapplecoins/vendor/laravel/framework/src/Illuminate/Foundation/Http/Middleware/TrimStrings.php(40): Illuminate\\Foundation\\Http\\Middleware\\TransformsRequest->handle(Object(Illuminate\\Http\\Request), Object(Closure))
#43 /opt/lampp/htdocs/whapplecoins/vendor/laravel/framework/src/Illuminate/Pipeline/Pipeline.php(167): Illuminate\\Foundation\\Http\\Middleware\\TrimStrings->handle(Object(Illuminate\\Http\\Request), Object(Closure))
#44 /opt/lampp/htdocs/whapplecoins/vendor/laravel/framework/src/Illuminate/Foundation/Http/Middleware/ValidatePostSize.php(27): Illuminate\\Pipeline\\Pipeline->Illuminate\\Pipeline\\{closure}(Object(Illuminate\\Http\\Request))
#45 /opt/lampp/htdocs/whapplecoins/vendor/laravel/framework/src/Illuminate/Pipeline/Pipeline.php(167): Illuminate\\Foundation\\Http\\Middleware\\ValidatePostSize->handle(Object(Illuminate\\Http\\Request), Object(Closure))
#46 /opt/lampp/htdocs/whapplecoins/vendor/laravel/framework/src/Illuminate/Foundation/Http/Middleware/PreventRequestsDuringMaintenance.php(86): Illuminate\\Pipeline\\Pipeline->Illuminate\\Pipeline\\{closure}(Object(Illuminate\\Http\\Request))
#47 /opt/lampp/htdocs/whapplecoins/vendor/laravel/framework/src/Illuminate/Pipeline/Pipeline.php(167): Illuminate\\Foundation\\Http\\Middleware\\PreventRequestsDuringMaintenance->handle(Object(Illuminate\\Http\\Request), Object(Closure))
#48 /opt/lampp/htdocs/whapplecoins/vendor/fruitcake/laravel-cors/src/HandleCors.php(38): Illuminate\\Pipeline\\Pipeline->Illuminate\\Pipeline\\{closure}(Object(Illuminate\\Http\\Request))
#49 /opt/lampp/htdocs/whapplecoins/vendor/laravel/framework/src/Illuminate/Pipeline/Pipeline.php(167): Fruitcake\\Cors\\HandleCors->handle(Object(Illuminate\\Http\\Request), Object(Closure))
#50 /opt/lampp/htdocs/whapplecoins/vendor/fideloper/proxy/src/TrustProxies.php(57): Illuminate\\Pipeline\\Pipeline->Illuminate\\Pipeline\\{closure}(Object(Illuminate\\Http\\Request))
#51 /opt/lampp/htdocs/whapplecoins/vendor/laravel/framework/src/Illuminate/Pipeline/Pipeline.php(167): Fideloper\\Proxy\\TrustProxies->handle(Object(Illuminate\\Http\\Request), Object(Closure))
#52 /opt/lampp/htdocs/whapplecoins/vendor/laravel/framework/src/Illuminate/Pipeline/Pipeline.php(103): Illuminate\\Pipeline\\Pipeline->Illuminate\\Pipeline\\{closure}(Object(Illuminate\\Http\\Request))
#53 /opt/lampp/htdocs/whapplecoins/vendor/laravel/framework/src/Illuminate/Foundation/Http/Kernel.php(142): Illuminate\\Pipeline\\Pipeline->then(Object(Closure))
#54 /opt/lampp/htdocs/whapplecoins/vendor/laravel/framework/src/Illuminate/Foundation/Http/Kernel.php(111): Illuminate\\Foundation\\Http\\Kernel->sendRequestThroughRouter(Object(Illuminate\\Http\\Request))
#55 /opt/lampp/htdocs/whapplecoins/index.php(51): Illuminate\\Foundation\\Http\\Kernel->handle(Object(Illuminate\\Http\\Request))
#56 {main}
"} 
